{"C:\\Users\\priyo\\Desktop\\Namaste React\\src\\components\\Body.js": {"path":"C:\\Users\\priyo\\Desktop\\Namaste React\\src\\components\\Body.js","statementMap":{"0":{"start":{"line":16,"column":42},"end":{"line":16,"column":54}},"1":{"start":{"line":17,"column":42},"end":{"line":17,"column":54}},"2":{"start":{"line":19,"column":36},"end":{"line":19,"column":48}},"3":{"start":{"line":21,"column":35},"end":{"line":21,"column":68}},"4":{"start":{"line":25,"column":4},"end":{"line":25,"column":46}},"5":{"start":{"line":26,"column":4},"end":{"line":28,"column":10}},"6":{"start":{"line":27,"column":8},"end":{"line":27,"column":21}},"7":{"start":{"line":30,"column":23},"end":{"line":48,"column":5}},"8":{"start":{"line":36,"column":21},"end":{"line":36,"column":186}},"9":{"start":{"line":39,"column":21},"end":{"line":39,"column":38}},"10":{"start":{"line":43,"column":8},"end":{"line":43,"column":25}},"11":{"start":{"line":45,"column":8},"end":{"line":45,"column":98}},"12":{"start":{"line":47,"column":8},"end":{"line":47,"column":98}},"13":{"start":{"line":51,"column":21},"end":{"line":51,"column":38}},"14":{"start":{"line":52,"column":4},"end":{"line":52,"column":147}},"15":{"start":{"line":52,"column":27},"end":{"line":52,"column":147}},"16":{"start":{"line":56,"column":40},"end":{"line":56,"column":63}},"17":{"start":{"line":58,"column":4},"end":{"line":111,"column":6}},"18":{"start":{"line":64,"column":24},"end":{"line":64,"column":51}},"19":{"start":{"line":67,"column":24},"end":{"line":67,"column":45}},"20":{"start":{"line":69,"column":46},"end":{"line":71,"column":25}},"21":{"start":{"line":70,"column":28},"end":{"line":70,"column":86}},"22":{"start":{"line":72,"column":24},"end":{"line":72,"column":55}},"23":{"start":{"line":79,"column":45},"end":{"line":81,"column":29}},"24":{"start":{"line":80,"column":32},"end":{"line":80,"column":52}},"25":{"start":{"line":82,"column":28},"end":{"line":82,"column":54}},"26":{"start":{"line":92,"column":134},"end":{"line":92,"column":161}},"27":{"start":{"line":100,"column":20},"end":{"line":102,"column":77}}},"fnMap":{"0":{"name":"Body","decl":{"start":{"line":11,"column":9},"end":{"line":11,"column":13}},"loc":{"start":{"line":11,"column":16},"end":{"line":112,"column":1}},"line":11},"1":{"name":"(anonymous_1)","decl":{"start":{"line":26,"column":14},"end":{"line":26,"column":15}},"loc":{"start":{"line":26,"column":20},"end":{"line":28,"column":5}},"line":26},"2":{"name":"(anonymous_2)","decl":{"start":{"line":30,"column":23},"end":{"line":30,"column":24}},"loc":{"start":{"line":30,"column":35},"end":{"line":48,"column":5}},"line":30},"3":{"name":"(anonymous_3)","decl":{"start":{"line":63,"column":146},"end":{"line":63,"column":147}},"loc":{"start":{"line":63,"column":153},"end":{"line":65,"column":21}},"line":63},"4":{"name":"(anonymous_4)","decl":{"start":{"line":66,"column":131},"end":{"line":66,"column":132}},"loc":{"start":{"line":66,"column":137},"end":{"line":74,"column":21}},"line":66},"5":{"name":"(anonymous_5)","decl":{"start":{"line":69,"column":65},"end":{"line":69,"column":66}},"loc":{"start":{"line":70,"column":28},"end":{"line":70,"column":86}},"line":70},"6":{"name":"(anonymous_6)","decl":{"start":{"line":77,"column":130},"end":{"line":77,"column":131}},"loc":{"start":{"line":77,"column":136},"end":{"line":84,"column":21}},"line":77},"7":{"name":"(anonymous_7)","decl":{"start":{"line":79,"column":64},"end":{"line":79,"column":65}},"loc":{"start":{"line":80,"column":32},"end":{"line":80,"column":52}},"line":80},"8":{"name":"(anonymous_8)","decl":{"start":{"line":92,"column":127},"end":{"line":92,"column":128}},"loc":{"start":{"line":92,"column":134},"end":{"line":92,"column":161}},"line":92},"9":{"name":"(anonymous_9)","decl":{"start":{"line":99,"column":33},"end":{"line":99,"column":34}},"loc":{"start":{"line":99,"column":49},"end":{"line":103,"column":17}},"line":99}},"branchMap":{"0":{"loc":{"start":{"line":52,"column":4},"end":{"line":52,"column":147}},"type":"if","locations":[{"start":{"line":52,"column":4},"end":{"line":52,"column":147}},{"start":{},"end":{}}],"line":52},"1":{"loc":{"start":{"line":58,"column":11},"end":{"line":111,"column":5}},"type":"cond-expr","locations":[{"start":{"line":58,"column":37},"end":{"line":58,"column":48}},{"start":{"line":59,"column":8},"end":{"line":110,"column":14}}],"line":58},"2":{"loc":{"start":{"line":101,"column":25},"end":{"line":102,"column":69}},"type":"cond-expr","locations":[{"start":{"line":101,"column":51},"end":{"line":101,"column":98}},{"start":{"line":102,"column":29},"end":{"line":102,"column":68}}],"line":101}},"s":{"0":7,"1":7,"2":7,"3":7,"4":7,"5":7,"6":2,"7":7,"8":2,"9":2,"10":2,"11":2,"12":2,"13":7,"14":7,"15":0,"16":7,"17":7,"18":1,"19":1,"20":1,"21":20,"22":1,"23":1,"24":20,"25":1,"26":0,"27":73},"f":{"0":7,"1":2,"2":2,"3":1,"4":1,"5":20,"6":1,"7":20,"8":0,"9":73},"b":{"0":[0,7],"1":[2,5],"2":[73,0]},"_coverageSchema":"1a1c01bbd47fc00a2c39e90264f33305004495a9","hash":"f336a48de8c1420d06813b6203b40a88829514b1"}
,"C:\\Users\\priyo\\Desktop\\Namaste React\\src\\components\\Contact.js": {"path":"C:\\Users\\priyo\\Desktop\\Namaste React\\src\\components\\Contact.js","statementMap":{"0":{"start":{"line":3,"column":17},"end":{"line":18,"column":1}},"1":{"start":{"line":4,"column":4},"end":{"line":17,"column":5}}},"fnMap":{"0":{"name":"(anonymous_0)","decl":{"start":{"line":3,"column":17},"end":{"line":3,"column":18}},"loc":{"start":{"line":3,"column":23},"end":{"line":18,"column":1}},"line":3}},"branchMap":{},"s":{"0":1,"1":2},"f":{"0":2},"b":{},"_coverageSchema":"1a1c01bbd47fc00a2c39e90264f33305004495a9","hash":"221cc143f4567dabfa42475e5f6564d7dedfa0d6"}
,"C:\\Users\\priyo\\Desktop\\Namaste React\\src\\components\\Header.js": {"path":"C:\\Users\\priyo\\Desktop\\Namaste React\\src\\components\\Header.js","statementMap":{"0":{"start":{"line":8,"column":22},"end":{"line":61,"column":1}},"1":{"start":{"line":10,"column":34},"end":{"line":10,"column":51}},"2":{"start":{"line":15,"column":27},"end":{"line":15,"column":50}},"3":{"start":{"line":16,"column":4},"end":{"line":16,"column":27}},"4":{"start":{"line":20,"column":21},"end":{"line":20,"column":38}},"5":{"start":{"line":35,"column":22},"end":{"line":35,"column":62}},"6":{"start":{"line":35,"column":45},"end":{"line":35,"column":61}},"7":{"start":{"line":36,"column":4},"end":{"line":36,"column":26}},"8":{"start":{"line":38,"column":4},"end":{"line":60,"column":5}},"9":{"start":{"line":52,"column":24},"end":{"line":52,"column":87}}},"fnMap":{"0":{"name":"(anonymous_0)","decl":{"start":{"line":8,"column":22},"end":{"line":8,"column":23}},"loc":{"start":{"line":8,"column":28},"end":{"line":61,"column":1}},"line":8},"1":{"name":"(anonymous_1)","decl":{"start":{"line":35,"column":34},"end":{"line":35,"column":35}},"loc":{"start":{"line":35,"column":45},"end":{"line":35,"column":61}},"line":35},"2":{"name":"(anonymous_2)","decl":{"start":{"line":51,"column":72},"end":{"line":51,"column":73}},"loc":{"start":{"line":51,"column":78},"end":{"line":53,"column":21}},"line":51}},"branchMap":{"0":{"loc":{"start":{"line":45,"column":158},"end":{"line":45,"column":180}},"type":"cond-expr","locations":[{"start":{"line":45,"column":169},"end":{"line":45,"column":173}},{"start":{"line":45,"column":176},"end":{"line":45,"column":180}}],"line":45},"1":{"loc":{"start":{"line":52,"column":24},"end":{"line":52,"column":87}},"type":"cond-expr","locations":[{"start":{"line":52,"column":45},"end":{"line":52,"column":65}},{"start":{"line":52,"column":68},"end":{"line":52,"column":87}}],"line":52}},"s":{"0":1,"1":3,"2":3,"3":3,"4":3,"5":3,"6":5,"7":3,"8":3,"9":1},"f":{"0":3,"1":5,"2":1},"b":{"0":[3,0],"1":[1,0]},"_coverageSchema":"1a1c01bbd47fc00a2c39e90264f33305004495a9","hash":"7a8493af5128cb76d16cfb20dcefcd190efce0ab"}
,"C:\\Users\\priyo\\Desktop\\Namaste React\\src\\components\\ItemList.js": {"path":"C:\\Users\\priyo\\Desktop\\Namaste React\\src\\components\\ItemList.js","statementMap":{"0":{"start":{"line":4,"column":17},"end":{"line":42,"column":1}},"1":{"start":{"line":5,"column":4},"end":{"line":5,"column":35}},"2":{"start":{"line":9,"column":21},"end":{"line":9,"column":34}},"3":{"start":{"line":10,"column":23},"end":{"line":12,"column":5}},"4":{"start":{"line":11,"column":8},"end":{"line":11,"column":31}},"5":{"start":{"line":15,"column":4},"end":{"line":41,"column":5}},"6":{"start":{"line":18,"column":16},"end":{"line":38,"column":17}},"7":{"start":{"line":32,"column":115},"end":{"line":32,"column":131}}},"fnMap":{"0":{"name":"(anonymous_0)","decl":{"start":{"line":4,"column":17},"end":{"line":4,"column":18}},"loc":{"start":{"line":4,"column":32},"end":{"line":42,"column":1}},"line":4},"1":{"name":"(anonymous_1)","decl":{"start":{"line":10,"column":23},"end":{"line":10,"column":24}},"loc":{"start":{"line":10,"column":33},"end":{"line":12,"column":5}},"line":10},"2":{"name":"(anonymous_2)","decl":{"start":{"line":17,"column":23},"end":{"line":17,"column":24}},"loc":{"start":{"line":17,"column":33},"end":{"line":39,"column":13}},"line":17},"3":{"name":"(anonymous_3)","decl":{"start":{"line":32,"column":109},"end":{"line":32,"column":110}},"loc":{"start":{"line":32,"column":115},"end":{"line":32,"column":131}},"line":32}},"branchMap":{"0":{"loc":{"start":{"line":24,"column":41},"end":{"line":24,"column":104}},"type":"binary-expr","locations":[{"start":{"line":24,"column":41},"end":{"line":24,"column":67}},{"start":{"line":24,"column":71},"end":{"line":24,"column":104}}],"line":24}},"s":{"0":1,"1":0,"2":0,"3":0,"4":0,"5":0,"6":0,"7":0},"f":{"0":0,"1":0,"2":0,"3":0},"b":{"0":[0,0]},"_coverageSchema":"1a1c01bbd47fc00a2c39e90264f33305004495a9","hash":"9eadf71fec4e64ce13841d8a5de69094f05c0339"}
,"C:\\Users\\priyo\\Desktop\\Namaste React\\src\\components\\RestaurantCategory.js": {"path":"C:\\Users\\priyo\\Desktop\\Namaste React\\src\\components\\RestaurantCategory.js","statementMap":{"0":{"start":{"line":4,"column":27},"end":{"line":32,"column":1}},"1":{"start":{"line":9,"column":26},"end":{"line":11,"column":5}},"2":{"start":{"line":10,"column":8},"end":{"line":10,"column":22}},"3":{"start":{"line":14,"column":4},"end":{"line":31,"column":5}}},"fnMap":{"0":{"name":"(anonymous_0)","decl":{"start":{"line":4,"column":27},"end":{"line":4,"column":28}},"loc":{"start":{"line":4,"column":64},"end":{"line":32,"column":1}},"line":4},"1":{"name":"(anonymous_1)","decl":{"start":{"line":9,"column":26},"end":{"line":9,"column":27}},"loc":{"start":{"line":9,"column":32},"end":{"line":11,"column":5}},"line":9}},"branchMap":{"0":{"loc":{"start":{"line":23,"column":17},"end":{"line":23,"column":64}},"type":"binary-expr","locations":[{"start":{"line":23,"column":17},"end":{"line":23,"column":25}},{"start":{"line":23,"column":29},"end":{"line":23,"column":64}}],"line":23}},"s":{"0":1,"1":0,"2":0,"3":0},"f":{"0":0,"1":0},"b":{"0":[0,0]},"_coverageSchema":"1a1c01bbd47fc00a2c39e90264f33305004495a9","hash":"0d37a3db3de107fb470271626481a1ff8ccd0cbd"}
,"C:\\Users\\priyo\\Desktop\\Namaste React\\src\\components\\RestaurantMenu.js": {"path":"C:\\Users\\priyo\\Desktop\\Namaste React\\src\\components\\RestaurantMenu.js","statementMap":{"0":{"start":{"line":7,"column":24},"end":{"line":49,"column":1}},"1":{"start":{"line":8,"column":22},"end":{"line":8,"column":33}},"2":{"start":{"line":9,"column":4},"end":{"line":9,"column":22}},"3":{"start":{"line":15,"column":22},"end":{"line":15,"column":46}},"4":{"start":{"line":17,"column":38},"end":{"line":17,"column":52}},"5":{"start":{"line":19,"column":4},"end":{"line":19,"column":49}},"6":{"start":{"line":19,"column":31},"end":{"line":19,"column":49}},"7":{"start":{"line":24,"column":50},"end":{"line":24,"column":87}},"8":{"start":{"line":29,"column":26},"end":{"line":29,"column":103}},"9":{"start":{"line":30,"column":4},"end":{"line":30,"column":91}},"10":{"start":{"line":33,"column":23},"end":{"line":33,"column":190}},"11":{"start":{"line":33,"column":100},"end":{"line":33,"column":189}},"12":{"start":{"line":34,"column":4},"end":{"line":34,"column":27}},"13":{"start":{"line":39,"column":4},"end":{"line":48,"column":5}},"14":{"start":{"line":44,"column":20},"end":{"line":44,"column":189}},"15":{"start":{"line":44,"column":166},"end":{"line":44,"column":185}}},"fnMap":{"0":{"name":"(anonymous_0)","decl":{"start":{"line":7,"column":24},"end":{"line":7,"column":25}},"loc":{"start":{"line":7,"column":30},"end":{"line":49,"column":1}},"line":7},"1":{"name":"(anonymous_1)","decl":{"start":{"line":33,"column":93},"end":{"line":33,"column":94}},"loc":{"start":{"line":33,"column":100},"end":{"line":33,"column":189}},"line":33},"2":{"name":"(anonymous_2)","decl":{"start":{"line":43,"column":31},"end":{"line":43,"column":32}},"loc":{"start":{"line":44,"column":20},"end":{"line":44,"column":189}},"line":44},"3":{"name":"(anonymous_3)","decl":{"start":{"line":44,"column":161},"end":{"line":44,"column":162}},"loc":{"start":{"line":44,"column":166},"end":{"line":44,"column":185}},"line":44}},"branchMap":{"0":{"loc":{"start":{"line":19,"column":4},"end":{"line":19,"column":49}},"type":"if","locations":[{"start":{"line":19,"column":4},"end":{"line":19,"column":49}},{"start":{},"end":{}}],"line":19},"1":{"loc":{"start":{"line":44,"column":112},"end":{"line":44,"column":145}},"type":"cond-expr","locations":[{"start":{"line":44,"column":133},"end":{"line":44,"column":137}},{"start":{"line":44,"column":140},"end":{"line":44,"column":145}}],"line":44}},"s":{"0":1,"1":1,"2":1,"3":1,"4":1,"5":1,"6":1,"7":0,"8":0,"9":0,"10":0,"11":0,"12":0,"13":0,"14":0,"15":0},"f":{"0":1,"1":0,"2":0,"3":0},"b":{"0":[1,0],"1":[0,0]},"_coverageSchema":"1a1c01bbd47fc00a2c39e90264f33305004495a9","hash":"2e643d8bb5badfc7f7f6834da0ef71b5634240a2"}
,"C:\\Users\\priyo\\Desktop\\Namaste React\\src\\components\\RestaurentCard.js": {"path":"C:\\Users\\priyo\\Desktop\\Namaste React\\src\\components\\RestaurentCard.js","statementMap":{"0":{"start":{"line":4,"column":23},"end":{"line":25,"column":1}},"1":{"start":{"line":5,"column":24},"end":{"line":5,"column":29}},"2":{"start":{"line":7,"column":27},"end":{"line":7,"column":50}},"3":{"start":{"line":10,"column":87},"end":{"line":10,"column":100}},"4":{"start":{"line":12,"column":4},"end":{"line":24,"column":5}},"5":{"start":{"line":27,"column":33},"end":{"line":37,"column":1}},"6":{"start":{"line":29,"column":4},"end":{"line":36,"column":5}},"7":{"start":{"line":30,"column":8},"end":{"line":35,"column":9}}},"fnMap":{"0":{"name":"(anonymous_0)","decl":{"start":{"line":4,"column":23},"end":{"line":4,"column":24}},"loc":{"start":{"line":4,"column":34},"end":{"line":25,"column":1}},"line":4},"1":{"name":"(anonymous_1)","decl":{"start":{"line":27,"column":33},"end":{"line":27,"column":34}},"loc":{"start":{"line":27,"column":39},"end":{"line":37,"column":1}},"line":27},"2":{"name":"(anonymous_2)","decl":{"start":{"line":29,"column":11},"end":{"line":29,"column":12}},"loc":{"start":{"line":29,"column":22},"end":{"line":36,"column":5}},"line":29}},"branchMap":{},"s":{"0":2,"1":74,"2":74,"3":74,"4":74,"5":2,"6":7,"7":73},"f":{"0":74,"1":7,"2":73},"b":{},"_coverageSchema":"1a1c01bbd47fc00a2c39e90264f33305004495a9","hash":"0dfb5fa205a1930471548b0f33e3d49735e060bc"}
,"C:\\Users\\priyo\\Desktop\\Namaste React\\src\\components\\Shimmer.js": {"path":"C:\\Users\\priyo\\Desktop\\Namaste React\\src\\components\\Shimmer.js","statementMap":{"0":{"start":{"line":2,"column":17},"end":{"line":20,"column":1}},"1":{"start":{"line":3,"column":4},"end":{"line":19,"column":5}}},"fnMap":{"0":{"name":"(anonymous_0)","decl":{"start":{"line":2,"column":17},"end":{"line":2,"column":18}},"loc":{"start":{"line":2,"column":23},"end":{"line":20,"column":1}},"line":2}},"branchMap":{},"s":{"0":2,"1":3},"f":{"0":3},"b":{},"_coverageSchema":"1a1c01bbd47fc00a2c39e90264f33305004495a9","hash":"d1a9f6d7834d53e1e882982c245a980330ce2d50"}
,"C:\\Users\\priyo\\Desktop\\Namaste React\\src\\components\\sum.js": {"path":"C:\\Users\\priyo\\Desktop\\Namaste React\\src\\components\\sum.js","statementMap":{"0":{"start":{"line":2,"column":19},"end":{"line":4,"column":1}},"1":{"start":{"line":3,"column":4},"end":{"line":3,"column":17}}},"fnMap":{"0":{"name":"(anonymous_0)","decl":{"start":{"line":2,"column":19},"end":{"line":2,"column":20}},"loc":{"start":{"line":2,"column":29},"end":{"line":4,"column":1}},"line":2}},"branchMap":{},"s":{"0":1,"1":1},"f":{"0":1},"b":{},"_coverageSchema":"1a1c01bbd47fc00a2c39e90264f33305004495a9","hash":"8c95f4769a831cd5bdceb9e376a43cfc400dc699"}
,"C:\\Users\\priyo\\Desktop\\Namaste React\\src\\utils\\UserContext.js": {"path":"C:\\Users\\priyo\\Desktop\\Namaste React\\src\\utils\\UserContext.js","statementMap":{"0":{"start":{"line":7,"column":20},"end":{"line":9,"column":2}}},"fnMap":{},"branchMap":{},"s":{"0":3},"f":{},"b":{},"_coverageSchema":"1a1c01bbd47fc00a2c39e90264f33305004495a9","hash":"802c1394dcc1031b910a4f098cbd76114c560f7d"}
,"C:\\Users\\priyo\\Desktop\\Namaste React\\src\\utils\\appStore.js": {"path":"C:\\Users\\priyo\\Desktop\\Namaste React\\src\\utils\\appStore.js","statementMap":{"0":{"start":{"line":3,"column":17},"end":{"line":7,"column":2}}},"fnMap":{},"branchMap":{},"s":{"0":2},"f":{},"b":{},"_coverageSchema":"1a1c01bbd47fc00a2c39e90264f33305004495a9","hash":"a88b082e3ee6ba7d7d1c4f8d9fb61b12bb694003"}
,"C:\\Users\\priyo\\Desktop\\Namaste React\\src\\utils\\cartSlice.js": {"path":"C:\\Users\\priyo\\Desktop\\Namaste React\\src\\utils\\cartSlice.js","statementMap":{"0":{"start":{"line":4,"column":18},"end":{"line":37,"column":2}},"1":{"start":{"line":26,"column":12},"end":{"line":26,"column":45}},"2":{"start":{"line":30,"column":12},"end":{"line":30,"column":30}},"3":{"start":{"line":34,"column":12},"end":{"line":34,"column":32}},"4":{"start":{"line":40,"column":50},"end":{"line":40,"column":67}}},"fnMap":{"0":{"name":"(anonymous_0)","decl":{"start":{"line":23,"column":17},"end":{"line":23,"column":18}},"loc":{"start":{"line":23,"column":36},"end":{"line":28,"column":9}},"line":23},"1":{"name":"(anonymous_1)","decl":{"start":{"line":29,"column":20},"end":{"line":29,"column":21}},"loc":{"start":{"line":29,"column":39},"end":{"line":31,"column":9}},"line":29},"2":{"name":"(anonymous_2)","decl":{"start":{"line":32,"column":19},"end":{"line":32,"column":20}},"loc":{"start":{"line":32,"column":38},"end":{"line":35,"column":9}},"line":32}},"branchMap":{},"s":{"0":2,"1":0,"2":0,"3":0,"4":2},"f":{"0":0,"1":0,"2":0},"b":{},"_coverageSchema":"1a1c01bbd47fc00a2c39e90264f33305004495a9","hash":"b5420208d9a5f1f6eda3d2750f819bdacef26b5c"}
,"C:\\Users\\priyo\\Desktop\\Namaste React\\src\\utils\\constants.js": {"path":"C:\\Users\\priyo\\Desktop\\Namaste React\\src\\utils\\constants.js","statementMap":{"0":{"start":{"line":1,"column":23},"end":{"line":1,"column":106}},"1":{"start":{"line":7,"column":24},"end":{"line":7,"column":161}},"2":{"start":{"line":9,"column":24},"end":{"line":9,"column":187}},"3":{"start":{"line":11,"column":25},"end":{"line":11,"column":110}}},"fnMap":{},"branchMap":{},"s":{"0":4,"1":4,"2":4,"3":4},"f":{},"b":{},"_coverageSchema":"1a1c01bbd47fc00a2c39e90264f33305004495a9","hash":"a31efa70638cf75d06f88730f3fae9a775288295"}
,"C:\\Users\\priyo\\Desktop\\Namaste React\\src\\utils\\useOnlineStatus.js": {"path":"C:\\Users\\priyo\\Desktop\\Namaste React\\src\\utils\\useOnlineStatus.js","statementMap":{"0":{"start":{"line":3,"column":25},"end":{"line":22,"column":1}},"1":{"start":{"line":5,"column":32},"end":{"line":5,"column":46}},"2":{"start":{"line":7,"column":4},"end":{"line":18,"column":10}},"3":{"start":{"line":9,"column":8},"end":{"line":11,"column":10}},"4":{"start":{"line":10,"column":12},"end":{"line":10,"column":29}},"5":{"start":{"line":12,"column":8},"end":{"line":14,"column":10}},"6":{"start":{"line":13,"column":12},"end":{"line":13,"column":28}},"7":{"start":{"line":20,"column":4},"end":{"line":20,"column":18}}},"fnMap":{"0":{"name":"(anonymous_0)","decl":{"start":{"line":3,"column":25},"end":{"line":3,"column":26}},"loc":{"start":{"line":3,"column":31},"end":{"line":22,"column":1}},"line":3},"1":{"name":"(anonymous_1)","decl":{"start":{"line":7,"column":14},"end":{"line":7,"column":15}},"loc":{"start":{"line":7,"column":20},"end":{"line":18,"column":5}},"line":7},"2":{"name":"(anonymous_2)","decl":{"start":{"line":9,"column":43},"end":{"line":9,"column":44}},"loc":{"start":{"line":9,"column":49},"end":{"line":11,"column":9}},"line":9},"3":{"name":"(anonymous_3)","decl":{"start":{"line":12,"column":42},"end":{"line":12,"column":43}},"loc":{"start":{"line":12,"column":48},"end":{"line":14,"column":9}},"line":12}},"branchMap":{},"s":{"0":2,"1":10,"2":10,"3":4,"4":0,"5":4,"6":0,"7":10},"f":{"0":10,"1":4,"2":0,"3":0},"b":{},"_coverageSchema":"1a1c01bbd47fc00a2c39e90264f33305004495a9","hash":"82848cab57bc24d4471096b23a281bb572ea8e78"}
,"C:\\Users\\priyo\\Desktop\\Namaste React\\src\\utils\\useRestaurantMenu.js": {"path":"C:\\Users\\priyo\\Desktop\\Namaste React\\src\\utils\\useRestaurantMenu.js","statementMap":{"0":{"start":{"line":4,"column":26},"end":{"line":20,"column":1}},"1":{"start":{"line":6,"column":37},"end":{"line":6,"column":49}},"2":{"start":{"line":7,"column":4},"end":{"line":10,"column":10}},"3":{"start":{"line":8,"column":8},"end":{"line":8,"column":21}},"4":{"start":{"line":12,"column":23},"end":{"line":18,"column":5}},"5":{"start":{"line":13,"column":21},"end":{"line":13,"column":50}},"6":{"start":{"line":14,"column":21},"end":{"line":14,"column":38}},"7":{"start":{"line":16,"column":8},"end":{"line":16,"column":25}},"8":{"start":{"line":17,"column":8},"end":{"line":17,"column":31}},"9":{"start":{"line":19,"column":4},"end":{"line":19,"column":21}}},"fnMap":{"0":{"name":"(anonymous_0)","decl":{"start":{"line":4,"column":26},"end":{"line":4,"column":27}},"loc":{"start":{"line":4,"column":37},"end":{"line":20,"column":1}},"line":4},"1":{"name":"(anonymous_1)","decl":{"start":{"line":7,"column":14},"end":{"line":7,"column":15}},"loc":{"start":{"line":7,"column":20},"end":{"line":10,"column":5}},"line":7},"2":{"name":"(anonymous_2)","decl":{"start":{"line":12,"column":23},"end":{"line":12,"column":24}},"loc":{"start":{"line":12,"column":35},"end":{"line":18,"column":5}},"line":12}},"branchMap":{},"s":{"0":1,"1":1,"2":1,"3":1,"4":1,"5":1,"6":1,"7":1,"8":1,"9":1},"f":{"0":1,"1":1,"2":1},"b":{},"_coverageSchema":"1a1c01bbd47fc00a2c39e90264f33305004495a9","hash":"54195adcc91549755c44e984815048c6bcc588d1"}
}
