TN:
SF:src\components\Body.js
FN:11,Body
FN:26,(anonymous_1)
FN:30,(anonymous_2)
FN:63,(anonymous_3)
FN:66,(anonymous_4)
FN:69,(anonymous_5)
FN:77,(anonymous_6)
FN:79,(anonymous_7)
FN:92,(anonymous_8)
FN:99,(anonymous_9)
FNF:10
FNH:9
FNDA:7,Body
FNDA:2,(anonymous_1)
FNDA:2,(anonymous_2)
FNDA:1,(anonymous_3)
FNDA:1,(anonymous_4)
FNDA:20,(anonymous_5)
FNDA:1,(anonymous_6)
FNDA:20,(anonymous_7)
FNDA:0,(anonymous_8)
FNDA:73,(anonymous_9)
DA:16,7
DA:17,7
DA:19,7
DA:21,7
DA:25,7
DA:26,7
DA:27,2
DA:30,7
DA:36,2
DA:39,2
DA:43,2
DA:45,2
DA:47,2
DA:51,7
DA:52,7
DA:56,7
DA:58,7
DA:64,1
DA:67,1
DA:69,1
DA:70,20
DA:72,1
DA:79,1
DA:80,20
DA:82,1
DA:92,0
DA:100,73
LF:27
LH:26
BRDA:52,0,0,0
BRDA:52,0,1,7
BRDA:58,1,0,2
BRDA:58,1,1,5
BRDA:101,2,0,73
BRDA:101,2,1,0
BRF:6
BRH:4
end_of_record
TN:
SF:src\components\Contact.js
FN:3,(anonymous_0)
FNF:1
FNH:1
FNDA:2,(anonymous_0)
DA:3,1
DA:4,2
LF:2
LH:2
BRF:0
BRH:0
end_of_record
TN:
SF:src\components\Header.js
FN:8,(anonymous_0)
FN:35,(anonymous_1)
FN:51,(anonymous_2)
FNF:3
FNH:3
FNDA:3,(anonymous_0)
FNDA:5,(anonymous_1)
FNDA:1,(anonymous_2)
DA:8,1
DA:10,3
DA:15,3
DA:16,3
DA:20,3
DA:35,5
DA:36,3
DA:38,3
DA:52,1
LF:9
LH:9
BRDA:45,0,0,3
BRDA:45,0,1,0
BRDA:52,1,0,1
BRDA:52,1,1,0
BRF:4
BRH:2
end_of_record
TN:
SF:src\components\ItemList.js
FN:4,(anonymous_0)
FN:10,(anonymous_1)
FN:17,(anonymous_2)
FN:32,(anonymous_3)
FNF:4
FNH:0
FNDA:0,(anonymous_0)
FNDA:0,(anonymous_1)
FNDA:0,(anonymous_2)
FNDA:0,(anonymous_3)
DA:4,1
DA:5,0
DA:9,0
DA:10,0
DA:11,0
DA:15,0
DA:18,0
DA:32,0
LF:8
LH:1
BRDA:24,0,0,0
BRDA:24,0,1,0
BRF:2
BRH:0
end_of_record
TN:
SF:src\components\RestaurantCategory.js
FN:4,(anonymous_0)
FN:9,(anonymous_1)
FNF:2
FNH:0
FNDA:0,(anonymous_0)
FNDA:0,(anonymous_1)
DA:4,1
DA:9,0
DA:10,0
DA:14,0
LF:4
LH:1
BRDA:23,0,0,0
BRDA:23,0,1,0
BRF:2
BRH:0
end_of_record
TN:
SF:src\components\RestaurantMenu.js
FN:7,(anonymous_0)
FN:33,(anonymous_1)
FN:43,(anonymous_2)
FN:44,(anonymous_3)
FNF:4
FNH:1
FNDA:1,(anonymous_0)
FNDA:0,(anonymous_1)
FNDA:0,(anonymous_2)
FNDA:0,(anonymous_3)
DA:7,1
DA:8,1
DA:9,1
DA:15,1
DA:17,1
DA:19,1
DA:24,0
DA:29,0
DA:30,0
DA:33,0
DA:34,0
DA:39,0
DA:44,0
LF:13
LH:6
BRDA:19,0,0,1
BRDA:19,0,1,0
BRDA:44,1,0,0
BRDA:44,1,1,0
BRF:4
BRH:1
end_of_record
TN:
SF:src\components\RestaurentCard.js
FN:4,(anonymous_0)
FN:27,(anonymous_1)
FN:29,(anonymous_2)
FNF:3
FNH:3
FNDA:74,(anonymous_0)
FNDA:7,(anonymous_1)
FNDA:73,(anonymous_2)
DA:4,2
DA:5,74
DA:7,74
DA:10,74
DA:12,74
DA:27,2
DA:29,7
DA:30,73
LF:8
LH:8
BRF:0
BRH:0
end_of_record
TN:
SF:src\components\Shimmer.js
FN:2,(anonymous_0)
FNF:1
FNH:1
FNDA:3,(anonymous_0)
DA:2,2
DA:3,3
LF:2
LH:2
BRF:0
BRH:0
end_of_record
TN:
SF:src\components\sum.js
FN:2,(anonymous_0)
FNF:1
FNH:1
FNDA:1,(anonymous_0)
DA:2,1
DA:3,1
LF:2
LH:2
BRF:0
BRH:0
end_of_record
TN:
SF:src\utils\UserContext.js
FNF:0
FNH:0
DA:7,3
LF:1
LH:1
BRF:0
BRH:0
end_of_record
TN:
SF:src\utils\appStore.js
FNF:0
FNH:0
DA:3,2
LF:1
LH:1
BRF:0
BRH:0
end_of_record
TN:
SF:src\utils\cartSlice.js
FN:23,(anonymous_0)
FN:29,(anonymous_1)
FN:32,(anonymous_2)
FNF:3
FNH:0
FNDA:0,(anonymous_0)
FNDA:0,(anonymous_1)
FNDA:0,(anonymous_2)
DA:4,2
DA:26,0
DA:30,0
DA:34,0
DA:40,2
LF:5
LH:2
BRF:0
BRH:0
end_of_record
TN:
SF:src\utils\constants.js
FNF:0
FNH:0
DA:1,4
DA:7,4
DA:9,4
DA:11,4
LF:4
LH:4
BRF:0
BRH:0
end_of_record
TN:
SF:src\utils\useOnlineStatus.js
FN:3,(anonymous_0)
FN:7,(anonymous_1)
FN:9,(anonymous_2)
FN:12,(anonymous_3)
FNF:4
FNH:2
FNDA:10,(anonymous_0)
FNDA:4,(anonymous_1)
FNDA:0,(anonymous_2)
FNDA:0,(anonymous_3)
DA:3,2
DA:5,10
DA:7,10
DA:9,4
DA:10,0
DA:12,4
DA:13,0
DA:20,10
LF:8
LH:6
BRF:0
BRH:0
end_of_record
TN:
SF:src\utils\useRestaurantMenu.js
FN:4,(anonymous_0)
FN:7,(anonymous_1)
FN:12,(anonymous_2)
FNF:3
FNH:3
FNDA:1,(anonymous_0)
FNDA:1,(anonymous_1)
FNDA:1,(anonymous_2)
DA:4,1
DA:6,1
DA:7,1
DA:8,1
DA:12,1
DA:13,1
DA:14,1
DA:16,1
DA:17,1
DA:19,1
LF:10
LH:10
BRF:0
BRH:0
end_of_record
